Using pre-set license
Built from '2021.3/china_unity/release' branch; Version is '2021.3.24f1c1 (efaefd9b44a9) revision 15707901'; Using compiler version '192829333'; Build Type 'Release'
OS: 'Windows 10  (10.0.19045) 64bit Professional' Language: 'zh' Physical Memory: 32581 MB
BatchMode: 1, IsHumanControllingUs: 0, StartBugReporterOnCrash: 0, Is64bit: 1, IsPro: 1

COMMAND LINE ARGUMENTS:
D:\Unity\2021.3.24f1c1\Editor\Unity.exe
-adb2
-batchMode
-noUpm
-name
AssetImportWorker0
-projectPath
E:/LessonOfServer/lesson6/excel_tool/client
-logFile
Logs/AssetImportWorker0.log
-srvPort
54318
Successfully changed project path to: E:/LessonOfServer/lesson6/excel_tool/client
E:/LessonOfServer/lesson6/excel_tool/client
[UnityMemory] Configuration Parameters - Can be set up in boot.config
    "memorysetup-bucket-allocator-granularity=16"
    "memorysetup-bucket-allocator-bucket-count=8"
    "memorysetup-bucket-allocator-block-size=33554432"
    "memorysetup-bucket-allocator-block-count=8"
    "memorysetup-main-allocator-block-size=16777216"
    "memorysetup-thread-allocator-block-size=16777216"
    "memorysetup-gfx-main-allocator-block-size=16777216"
    "memorysetup-gfx-thread-allocator-block-size=16777216"
    "memorysetup-cache-allocator-block-size=4194304"
    "memorysetup-typetree-allocator-block-size=2097152"
    "memorysetup-profiler-bucket-allocator-granularity=16"
    "memorysetup-profiler-bucket-allocator-bucket-count=8"
    "memorysetup-profiler-bucket-allocator-block-size=33554432"
    "memorysetup-profiler-bucket-allocator-block-count=8"
    "memorysetup-profiler-allocator-block-size=16777216"
    "memorysetup-profiler-editor-allocator-block-size=1048576"
    "memorysetup-temp-allocator-size-main=16777216"
    "memorysetup-job-temp-allocator-block-size=2097152"
    "memorysetup-job-temp-allocator-block-size-background=1048576"
    "memorysetup-job-temp-allocator-reduction-small-platforms=262144"
    "memorysetup-temp-allocator-size-background-worker=32768"
    "memorysetup-temp-allocator-size-job-worker=262144"
    "memorysetup-temp-allocator-size-preload-manager=33554432"
    "memorysetup-temp-allocator-size-nav-mesh-worker=65536"
    "memorysetup-temp-allocator-size-audio-worker=65536"
    "memorysetup-temp-allocator-size-cloud-worker=32768"
    "memorysetup-temp-allocator-size-gi-baking-worker=262144"
    "memorysetup-temp-allocator-size-gfx=262144"
Player connection [1676] Host "[IP] 219.223.184.204 [Port] 0 [Flags] 2 [Guid] 1095388954 [EditorId] 1095388954 [Version] 1048832 [Id] WindowsEditor(7,DESKTOP-JJ6N86A) [Debug] 1 [PackageName] WindowsEditor [ProjectName] Editor" joined multi-casting on [225.0.0.222:54997]...

Player connection [1676] Host "[IP] 219.223.184.204 [Port] 0 [Flags] 2 [Guid] 1095388954 [EditorId] 1095388954 [Version] 1048832 [Id] WindowsEditor(7,DESKTOP-JJ6N86A) [Debug] 1 [PackageName] WindowsEditor [ProjectName] Editor" joined alternative multi-casting on [225.0.0.222:34997]...

AS: AutoStreaming module initializing.
Refreshing native plugins compatible for Editor in 75.02 ms, found 4 plugins.
Preloading 0 native plugins for Editor in 0.00 ms.
Initialize engine version: 2021.3.24f1c1 (efaefd9b44a9)
[Subsystems] Discovering subsystems at path D:/Unity/2021.3.24f1c1/Editor/Data/Resources/UnitySubsystems
[Subsystems] Discovering subsystems at path E:/LessonOfServer/lesson6/excel_tool/client/Assets
GfxDevice: creating device client; threaded=0; jobified=0
Direct3D:
    Version:  Direct3D 11.0 [level 11.1]
    Renderer: NVIDIA GeForce RTX 4070 (ID=0x2786)
    Vendor:   NVIDIA
    VRAM:     12026 MB
    Driver:   31.0.15.3623
Initialize mono
Mono path[0] = 'D:/Unity/2021.3.24f1c1/Editor/Data/Managed'
Mono path[1] = 'D:/Unity/2021.3.24f1c1/Editor/Data/MonoBleedingEdge/lib/mono/unityjit-win32'
Mono config path = 'D:/Unity/2021.3.24f1c1/Editor/Data/MonoBleedingEdge/etc'
Using monoOptions --debugger-agent=transport=dt_socket,embedding=1,server=y,suspend=n,address=127.0.0.1:56248
Begin MonoManager ReloadAssembly
Registering precompiled unity dll's ...
Register platform support module: D:/Unity/2021.3.24f1c1/Editor/Data/PlaybackEngines/WindowsStandaloneSupport/UnityEditor.WindowsStandalone.Extensions.dll
Registered in 0.002887 seconds.
Native extension for WindowsStandalone target not found
Refreshing native plugins compatible for Editor in 71.95 ms, found 4 plugins.
Preloading 0 native plugins for Editor in 0.00 ms.
Mono: successfully reloaded assembly
- Completed reload, in  0.559 seconds
Domain Reload Profiling:
	ReloadAssembly (559ms)
		BeginReloadAssembly (54ms)
			ExecutionOrderSort (0ms)
			DisableScriptedObjects (0ms)
			BackupInstance (0ms)
			ReleaseScriptingObjects (0ms)
			CreateAndSetChildDomain (0ms)
		EndReloadAssembly (412ms)
			LoadAssemblies (53ms)
			RebuildTransferFunctionScriptingTraits (0ms)
			SetupTypeCache (94ms)
			ReleaseScriptCaches (0ms)
			RebuildScriptCaches (27ms)
			SetupLoadedEditorAssemblies (241ms)
				LogAssemblyErrors (0ms)
				InitializePlatformSupportModulesInManaged (6ms)
				SetLoadedEditorAssemblies (0ms)
				RefreshPlugins (72ms)
				BeforeProcessingInitializeOnLoad (1ms)
				ProcessInitializeOnLoadAttributes (117ms)
				ProcessInitializeOnLoadMethodAttributes (44ms)
				AfterProcessingInitializeOnLoad (0ms)
				EditorAssembliesLoaded (0ms)
			ExecutionOrderSort2 (0ms)
			AwakeInstancesAfterBackupRestoration (0ms)
Platform modules already initialized, skipping
Registering precompiled user dll's ...
Registered in 0.008427 seconds.
Begin MonoManager ReloadAssembly
Symbol file LoadedFromMemory doesn't match image E:\LessonOfServer\lesson6\excel_tool\client\Library\PackageCache\com.unity.visualscripting@1.8.0\Editor\VisualScripting.Core\Dependencies\YamlDotNet\Unity.VisualScripting.YamlDotNet.dll
Symbol file LoadedFromMemory doesn't match image E:\LessonOfServer\lesson6\excel_tool\client\Library\PackageCache\com.unity.visualscripting@1.8.0\Editor\VisualScripting.Core\Dependencies\DotNetZip\Unity.VisualScripting.IonicZip.dll
Native extension for WindowsStandalone target not found
Refreshing native plugins compatible for Editor in 0.74 ms, found 4 plugins.
Preloading 0 native plugins for Editor in 0.00 ms.
Mono: successfully reloaded assembly
- Completed reload, in  0.863 seconds
Domain Reload Profiling:
	ReloadAssembly (863ms)
		BeginReloadAssembly (95ms)
			ExecutionOrderSort (0ms)
			DisableScriptedObjects (6ms)
			BackupInstance (0ms)
			ReleaseScriptingObjects (0ms)
			CreateAndSetChildDomain (19ms)
		EndReloadAssembly (666ms)
			LoadAssemblies (64ms)
			RebuildTransferFunctionScriptingTraits (0ms)
			SetupTypeCache (199ms)
			ReleaseScriptCaches (1ms)
			RebuildScriptCaches (52ms)
			SetupLoadedEditorAssemblies (306ms)
				LogAssemblyErrors (0ms)
				InitializePlatformSupportModulesInManaged (4ms)
				SetLoadedEditorAssemblies (0ms)
				RefreshPlugins (1ms)
				BeforeProcessingInitializeOnLoad (74ms)
				ProcessInitializeOnLoadAttributes (201ms)
				ProcessInitializeOnLoadMethodAttributes (18ms)
				AfterProcessingInitializeOnLoad (7ms)
				EditorAssembliesLoaded (0ms)
			ExecutionOrderSort2 (0ms)
			AwakeInstancesAfterBackupRestoration (7ms)
Platform modules already initialized, skipping
========================================================================
Worker process is ready to serve import requests
Launched and connected shader compiler UnityShaderCompiler.exe after 0.04 seconds
Refreshing native plugins compatible for Editor in 0.34 ms, found 4 plugins.
Preloading 0 native plugins for Editor in 0.00 ms.
Unloading 3990 Unused Serialized files (Serialized files now loaded: 0)
Unloading 32 unused Assets / (47.9 KB). Loaded Objects now: 4443.
Memory consumption went from 131.8 MB to 131.7 MB.
Total: 1.956500 ms (FindLiveObjects: 0.320500 ms CreateObjectMapping: 0.093400 ms MarkObjects: 1.493700 ms  DeleteObjects: 0.048000 ms)

AssetImportParameters requested are different than current active one (requested -> active):
  custom:video-decoder-ogg-theora: a1e56fd34408186e4bbccfd4996cb3dc -> 
  custom:container-muxer-webm: aa71ff27fc2769a1b78a27578f13a17b -> 
  custom:container-demuxer-webm: 4f35f7cbe854078d1ac9338744f61a02 -> 
  custom:video-encoder-webm-vp8: eb34c28f22e8b96e1ab97ce403110664 -> 
  custom:audio-encoder-webm-vorbis: bf7c407c2cedff20999df2af8eb42d56 -> 
  custom:framework-win-MediaFoundation: 216162199b28c13a410421893ffa2e32 -> 
  custom:container-demuxer-ogg: 62fdf1f143b41e24485cea50d1cbac27 -> 
  custom:video-decoder-webm-vp8: 9c59270c3fd7afecdb556c50c9e8de78 -> 
  custom:audio-decoder-ogg-vorbis: bf7c407c2cedff20999df2af8eb42d56 -> 
========================================================================
Received Import Request.
  Time since last request: 322069.515511 seconds.
  path: Assets
  artifactKey: Guid(00000000000000001000000000000000) Importer(815301076,1909f56bfc062723c751e8b465ee728b)
Start importing Assets using Guid(00000000000000001000000000000000) Importer(815301076,1909f56bfc062723c751e8b465ee728b)  -> (artifact id: '79842766b460edbeab6a34051e857a80') in 0.009206 seconds 
========================================================================
Received Import Request.
  Time since last request: 1.119772 seconds.
  path: Assets/login.unity
  artifactKey: Guid(d8fc0efcfb7aca248b1d7ab92b5c2606) Importer(815301076,1909f56bfc062723c751e8b465ee728b)
Start importing Assets/login.unity using Guid(d8fc0efcfb7aca248b1d7ab92b5c2606) Importer(815301076,1909f56bfc062723c751e8b465ee728b)  -> (artifact id: '4fdf22e7bc0ada179679cba6fb8f1573') in 0.008131 seconds 
========================================================================
Received Import Request.
  Time since last request: 29.890457 seconds.
  path: Assets/Slua/LuaObject/Unity/Lua_UnityEngine_TestTools_CoveredSequencePoint.cs
  artifactKey: Guid(4564948adf027eb4bae8c20baea09133) Importer(815301076,1909f56bfc062723c751e8b465ee728b)
Start importing Assets/Slua/LuaObject/Unity/Lua_UnityEngine_TestTools_CoveredSequencePoint.cs using Guid(4564948adf027eb4bae8c20baea09133) Importer(815301076,1909f56bfc062723c751e8b465ee728b)  -> (artifact id: '281981499fde75de8e81e839d0d123be') in 0.032938 seconds 
========================================================================
Received Import Request.
  Time since last request: 2.087307 seconds.
  path: Assets/Slua/LuaObject/Unity/Lua_UnityEngine_UI_SpriteState.cs
  artifactKey: Guid(60915a210c59e4948a090e5ad1e70e6c) Importer(815301076,1909f56bfc062723c751e8b465ee728b)
Start importing Assets/Slua/LuaObject/Unity/Lua_UnityEngine_UI_SpriteState.cs using Guid(60915a210c59e4948a090e5ad1e70e6c) Importer(815301076,1909f56bfc062723c751e8b465ee728b)  -> (artifact id: 'cfe2dc403df195bd37b7c4517f0e9a24') in 0.007227 seconds 
========================================================================
Received Import Request.
  Time since last request: 0.768584 seconds.
  path: Assets/Slua/LuaObject/Unity/Lua_UnityEngine_TestTools_CoveredMethodStats.cs
  artifactKey: Guid(799b5906a87d586439748b53281deabb) Importer(815301076,1909f56bfc062723c751e8b465ee728b)
Start importing Assets/Slua/LuaObject/Unity/Lua_UnityEngine_TestTools_CoveredMethodStats.cs using Guid(799b5906a87d586439748b53281deabb) Importer(815301076,1909f56bfc062723c751e8b465ee728b)  -> (artifact id: '1cc031f86b711dae09a40aa75aa142cf') in 0.007225 seconds 
========================================================================
Received Import Request.
  Time since last request: 1.364456 seconds.
  path: Assets/Slua/LuaObject/Unity/Lua_UnityEngine_TestTools_Coverage.cs
  artifactKey: Guid(f7b839b2a87559a40894b822fdb9bc20) Importer(815301076,1909f56bfc062723c751e8b465ee728b)
Start importing Assets/Slua/LuaObject/Unity/Lua_UnityEngine_TestTools_Coverage.cs using Guid(f7b839b2a87559a40894b822fdb9bc20) Importer(815301076,1909f56bfc062723c751e8b465ee728b)  -> (artifact id: 'f9e316f39d737c14cb317459d2913d11') in 0.007621 seconds 
========================================================================
Received Import Request.
  Time since last request: 0.711756 seconds.
  path: Assets/Slua/LuaObject/Unity/Lua_UnityEngine_PlayerLoop_EarlyUpdate_UpdateStreamingManager.cs
  artifactKey: Guid(529eb56d19e85bf41b9cd7ace7e64dd6) Importer(815301076,1909f56bfc062723c751e8b465ee728b)
Start importing Assets/Slua/LuaObject/Unity/Lua_UnityEngine_PlayerLoop_EarlyUpdate_UpdateStreamingManager.cs using Guid(529eb56d19e85bf41b9cd7ace7e64dd6) Importer(815301076,1909f56bfc062723c751e8b465ee728b)  -> (artifact id: 'a1c1b7b6ab70b422964488ad422080dc') in 0.007367 seconds 
